0 verbose cli /Users/lucashale/.nvm/versions/node/v22.13.0/bin/node /Users/lucashale/.nvm/versions/node/v22.13.0/lib/node_modules/npm/bin/npm-cli.js
1 info using npm@10.9.2
2 info using node@v22.13.0
3 silly config load:file:/Users/lucashale/.nvm/versions/node/v22.13.0/lib/node_modules/npm/npmrc
4 silly config load:file:/Users/lucashale/Documents/Code/lucas-hale-product-manager-2026/magic-portfolio/.npmrc
5 silly config load:file:/Users/lucashale/.npmrc
6 silly config load:file:/Users/lucashale/.nvm/versions/node/v22.13.0/etc/npmrc
7 verbose title npm exec ctx7 docs --help
8 verbose argv "exec" "--yes" "--" "ctx7" "docs" "--help"
9 verbose logfile logs-max:10 dir:/Users/lucashale/Documents/Code/lucas-hale-product-manager-2026/magic-portfolio/.npm-cache/_logs/2026-03-25T11_31_07_778Z-
10 verbose logfile /Users/lucashale/Documents/Code/lucas-hale-product-manager-2026/magic-portfolio/.npm-cache/_logs/2026-03-25T11_31_07_778Z-debug-0.log
11 silly logfile done cleaning log files
12 silly packumentCache heap:4345298944 maxSize:1086324736 maxEntrySize:543162368
13 http fetch GET 200 https://registry.npmjs.org/ctx7 103ms (cache miss)
14 silly packumentCache heap:4345298944 maxSize:1086324736 maxEntrySize:543162368
15 silly packumentCache heap:4345298944 maxSize:1086324736 maxEntrySize:543162368
16 silly idealTree buildDeps
17 silly fetch manifest ctx7@0.3.6
18 silly packumentCache full:https://registry.npmjs.org/ctx7 cache-miss
19 http fetch GET 200 https://registry.npmjs.org/ctx7 190ms (cache miss)
20 silly packumentCache full:https://registry.npmjs.org/ctx7 set size:undefined disposed:false
21 silly placeDep ROOT ctx7@0.3.6 OK for:  want: 0.3.6
22 silly fetch manifest @inquirer/prompts@^8.2.0
23 silly packumentCache full:https://registry.npmjs.org/@inquirer%2fprompts cache-miss
24 silly fetch manifest commander@^13.1.0
25 silly packumentCache full:https://registry.npmjs.org/commander cache-miss
26 silly fetch manifest figlet@^1.9.4
27 silly packumentCache full:https://registry.npmjs.org/figlet cache-miss
28 silly fetch manifest open@^10.1.0
29 silly packumentCache full:https://registry.npmjs.org/open cache-miss
30 silly fetch manifest ora@^9.0.0
31 silly packumentCache full:https://registry.npmjs.org/ora cache-miss
32 silly fetch manifest picocolors@^1.1.1
33 silly packumentCache full:https://registry.npmjs.org/picocolors cache-miss
34 http fetch GET 200 https://registry.npmjs.org/@inquirer%2fprompts 52ms (cache miss)
35 silly packumentCache full:https://registry.npmjs.org/@inquirer%2fprompts set size:undefined disposed:false
36 http fetch GET 200 https://registry.npmjs.org/picocolors 100ms (cache miss)
37 silly packumentCache full:https://registry.npmjs.org/picocolors set size:undefined disposed:false
38 http fetch GET 200 https://registry.npmjs.org/figlet 105ms (cache miss)
39 silly packumentCache full:https://registry.npmjs.org/figlet set size:undefined disposed:false
40 http fetch GET 200 https://registry.npmjs.org/open 112ms (cache miss)
41 silly packumentCache full:https://registry.npmjs.org/open set size:undefined disposed:false
42 http fetch GET 200 https://registry.npmjs.org/ora 112ms (cache miss)
43 silly packumentCache full:https://registry.npmjs.org/ora set size:undefined disposed:false
44 http fetch GET 200 https://registry.npmjs.org/commander 114ms (cache miss)
45 silly packumentCache full:https://registry.npmjs.org/commander set size:undefined disposed:false
46 silly fetch manifest @types/node@>=18
47 silly packumentCache full:https://registry.npmjs.org/@types%2fnode cache-miss
48 http fetch GET 200 https://registry.npmjs.org/@types%2fnode 166ms (cache miss)
49 silly packumentCache full:https://registry.npmjs.org/@types%2fnode set size:undefined disposed:false
50 silly placeDep ROOT @inquirer/prompts@8.3.2 OK for: ctx7@0.3.6 want: ^8.2.0
51 silly placeDep ROOT commander@13.1.0 OK for: ctx7@0.3.6 want: ^13.1.0
52 silly placeDep ROOT figlet@1.11.0 OK for: ctx7@0.3.6 want: ^1.9.4
53 silly placeDep ROOT open@10.2.0 OK for: ctx7@0.3.6 want: ^10.1.0
54 silly placeDep ROOT ora@9.3.0 OK for: ctx7@0.3.6 want: ^9.0.0
55 silly placeDep ROOT picocolors@1.1.1 OK for: ctx7@0.3.6 want: ^1.1.1
56 silly fetch manifest @inquirer/checkbox@^5.1.2
57 silly packumentCache full:https://registry.npmjs.org/@inquirer%2fcheckbox cache-miss
58 silly fetch manifest @inquirer/confirm@^6.0.10
59 silly packumentCache full:https://registry.npmjs.org/@inquirer%2fconfirm cache-miss
60 silly fetch manifest @inquirer/editor@^5.0.10
61 silly packumentCache full:https://registry.npmjs.org/@inquirer%2feditor cache-miss
62 silly fetch manifest @inquirer/expand@^5.0.10
63 silly packumentCache full:https://registry.npmjs.org/@inquirer%2fexpand cache-miss
64 silly fetch manifest @inquirer/input@^5.0.10
65 silly packumentCache full:https://registry.npmjs.org/@inquirer%2finput cache-miss
66 silly fetch manifest @inquirer/number@^4.0.10
67 silly packumentCache full:https://registry.npmjs.org/@inquirer%2fnumber cache-miss
68 silly fetch manifest @inquirer/password@^5.0.10
69 silly packumentCache full:https://registry.npmjs.org/@inquirer%2fpassword cache-miss
70 silly fetch manifest @inquirer/rawlist@^5.2.6
71 silly packumentCache full:https://registry.npmjs.org/@inquirer%2frawlist cache-miss
72 silly fetch manifest @inquirer/search@^4.1.6
73 silly packumentCache full:https://registry.npmjs.org/@inquirer%2fsearch cache-miss
74 http fetch GET 200 https://registry.npmjs.org/@inquirer%2fcheckbox 58ms (cache miss)
75 silly packumentCache full:https://registry.npmjs.org/@inquirer%2fcheckbox set size:undefined disposed:false
76 silly fetch manifest @inquirer/select@^5.1.2
77 silly packumentCache full:https://registry.npmjs.org/@inquirer%2fselect cache-miss
78 http fetch GET 200 https://registry.npmjs.org/@inquirer%2fnumber 61ms (cache miss)
79 silly packumentCache full:https://registry.npmjs.org/@inquirer%2fnumber set size:undefined disposed:false
80 silly fetch manifest commander@^14.0.0
81 silly packumentCache full:https://registry.npmjs.org/commander cache-miss
82 http cache https://registry.npmjs.org/commander 4ms (cache hit)
83 silly packumentCache full:https://registry.npmjs.org/commander set size:306325 disposed:false
84 silly fetch manifest wsl-utils@^0.1.0
85 silly packumentCache full:https://registry.npmjs.org/wsl-utils cache-miss
86 http fetch GET 200 https://registry.npmjs.org/@inquirer%2fexpand 69ms (cache miss)
87 silly packumentCache full:https://registry.npmjs.org/@inquirer%2fexpand set size:undefined disposed:false
88 silly fetch manifest default-browser@^5.2.1
89 silly packumentCache full:https://registry.npmjs.org/default-browser cache-miss
90 http fetch GET 200 https://registry.npmjs.org/@inquirer%2feditor 79ms (cache miss)
91 silly packumentCache full:https://registry.npmjs.org/@inquirer%2feditor set size:undefined disposed:false
92 silly fetch manifest define-lazy-prop@^3.0.0
93 silly packumentCache full:https://registry.npmjs.org/define-lazy-prop cache-miss
94 http fetch GET 200 https://registry.npmjs.org/@inquirer%2finput 84ms (cache miss)
95 silly packumentCache full:https://registry.npmjs.org/@inquirer%2finput set size:undefined disposed:false
96 silly fetch manifest is-inside-container@^1.0.0
97 silly packumentCache full:https://registry.npmjs.org/is-inside-container cache-miss
98 http fetch GET 200 https://registry.npmjs.org/@inquirer%2fconfirm 87ms (cache miss)
99 silly packumentCache full:https://registry.npmjs.org/@inquirer%2fconfirm set size:undefined disposed:false
100 silly fetch manifest chalk@^5.6.2
101 silly packumentCache full:https://registry.npmjs.org/chalk cache-miss
102 http fetch GET 200 https://registry.npmjs.org/@inquirer%2fsearch 92ms (cache miss)
103 silly packumentCache full:https://registry.npmjs.org/@inquirer%2fsearch set size:undefined disposed:false
104 silly fetch manifest cli-cursor@^5.0.0
105 silly packumentCache full:https://registry.npmjs.org/cli-cursor cache-miss
106 http fetch GET 200 https://registry.npmjs.org/@inquirer%2fpassword 101ms (cache miss)
107 silly packumentCache full:https://registry.npmjs.org/@inquirer%2fpassword set size:undefined disposed:false
108 silly fetch manifest cli-spinners@^3.2.0
109 silly packumentCache full:https://registry.npmjs.org/cli-spinners cache-miss
110 http fetch GET 200 https://registry.npmjs.org/@inquirer%2fselect 52ms (cache miss)
111 silly packumentCache full:https://registry.npmjs.org/@inquirer%2fselect set size:undefined disposed:false
112 silly fetch manifest is-interactive@^2.0.0
113 silly packumentCache full:https://registry.npmjs.org/is-interactive cache-miss
114 http fetch GET 200 https://registry.npmjs.org/wsl-utils 49ms (cache miss)
115 silly packumentCache full:https://registry.npmjs.org/wsl-utils set size:undefined disposed:false
116 silly fetch manifest is-unicode-supported@^2.1.0
117 silly packumentCache full:https://registry.npmjs.org/is-unicode-supported cache-miss
118 http fetch GET 200 https://registry.npmjs.org/default-browser 46ms (cache miss)
119 silly packumentCache full:https://registry.npmjs.org/default-browser set size:undefined disposed:false
120 silly fetch manifest log-symbols@^7.0.1
121 silly packumentCache full:https://registry.npmjs.org/log-symbols cache-miss
122 http fetch GET 200 https://registry.npmjs.org/define-lazy-prop 38ms (cache miss)
123 silly packumentCache full:https://registry.npmjs.org/define-lazy-prop set size:undefined disposed:false
124 silly fetch manifest stdin-discarder@^0.3.1
125 silly packumentCache full:https://registry.npmjs.org/stdin-discarder cache-miss
126 http fetch GET 200 https://registry.npmjs.org/@inquirer%2frawlist 119ms (cache miss)
127 silly packumentCache full:https://registry.npmjs.org/@inquirer%2frawlist set size:undefined disposed:false
128 silly fetch manifest string-width@^8.1.0
129 silly packumentCache full:https://registry.npmjs.org/string-width cache-miss
130 http fetch GET 200 https://registry.npmjs.org/is-inside-container 38ms (cache miss)
131 silly packumentCache full:https://registry.npmjs.org/is-inside-container set size:undefined disposed:false
132 http fetch GET 200 https://registry.npmjs.org/chalk 40ms (cache miss)
133 silly packumentCache full:https://registry.npmjs.org/chalk set size:undefined disposed:false
134 http fetch GET 200 https://registry.npmjs.org/cli-cursor 38ms (cache miss)
135 silly packumentCache full:https://registry.npmjs.org/cli-cursor set size:undefined disposed:false
136 http fetch GET 200 https://registry.npmjs.org/cli-spinners 33ms (cache miss)
137 silly packumentCache full:https://registry.npmjs.org/cli-spinners set size:undefined disposed:false
138 http fetch GET 200 https://registry.npmjs.org/is-interactive 34ms (cache miss)
139 silly packumentCache full:https://registry.npmjs.org/is-interactive set size:undefined disposed:false
140 http fetch GET 200 https://registry.npmjs.org/stdin-discarder 36ms (cache miss)
141 silly packumentCache full:https://registry.npmjs.org/stdin-discarder set size:undefined disposed:false
142 http fetch GET 200 https://registry.npmjs.org/log-symbols 40ms (cache miss)
143 silly packumentCache full:https://registry.npmjs.org/log-symbols set size:undefined disposed:false
144 http fetch GET 200 https://registry.npmjs.org/string-width 41ms (cache miss)
145 silly packumentCache full:https://registry.npmjs.org/string-width set size:undefined disposed:false
146 http fetch GET 200 https://registry.npmjs.org/is-unicode-supported 71ms (cache miss)
147 silly packumentCache full:https://registry.npmjs.org/is-unicode-supported set size:undefined disposed:false
148 silly placeDep ROOT @inquirer/checkbox@5.1.2 OK for: @inquirer/prompts@8.3.2 want: ^5.1.2
149 silly placeDep ROOT @inquirer/confirm@6.0.10 OK for: @inquirer/prompts@8.3.2 want: ^6.0.10
150 silly placeDep ROOT @inquirer/editor@5.0.10 OK for: @inquirer/prompts@8.3.2 want: ^5.0.10
151 silly placeDep ROOT @inquirer/expand@5.0.10 OK for: @inquirer/prompts@8.3.2 want: ^5.0.10
152 silly placeDep ROOT @inquirer/input@5.0.10 OK for: @inquirer/prompts@8.3.2 want: ^5.0.10
153 silly placeDep ROOT @inquirer/number@4.0.10 OK for: @inquirer/prompts@8.3.2 want: ^4.0.10
154 silly placeDep ROOT @inquirer/password@5.0.10 OK for: @inquirer/prompts@8.3.2 want: ^5.0.10
155 silly placeDep ROOT @inquirer/rawlist@5.2.6 OK for: @inquirer/prompts@8.3.2 want: ^5.2.6
156 silly placeDep ROOT @inquirer/search@4.1.6 OK for: @inquirer/prompts@8.3.2 want: ^4.1.6
157 silly placeDep ROOT @inquirer/select@5.1.2 OK for: @inquirer/prompts@8.3.2 want: ^5.1.2
158 silly fetch manifest @inquirer/ansi@^2.0.4
159 silly packumentCache full:https://registry.npmjs.org/@inquirer%2fansi cache-miss
160 silly fetch manifest @inquirer/core@^11.1.7
161 silly packumentCache full:https://registry.npmjs.org/@inquirer%2fcore cache-miss
162 silly fetch manifest @inquirer/figures@^2.0.4
163 silly packumentCache full:https://registry.npmjs.org/@inquirer%2ffigures cache-miss
164 silly fetch manifest @inquirer/type@^4.0.4
165 silly packumentCache full:https://registry.npmjs.org/@inquirer%2ftype cache-miss
166 silly fetch manifest @inquirer/core@^11.1.7
167 silly packumentCache full:https://registry.npmjs.org/@inquirer%2fcore cache-miss
168 silly fetch manifest @inquirer/type@^4.0.4
169 silly packumentCache full:https://registry.npmjs.org/@inquirer%2ftype cache-miss
170 silly fetch manifest @inquirer/core@^11.1.7
171 silly packumentCache full:https://registry.npmjs.org/@inquirer%2fcore cache-miss
172 silly fetch manifest @inquirer/external-editor@^2.0.4
173 silly packumentCache full:https://registry.npmjs.org/@inquirer%2fexternal-editor cache-miss
174 silly fetch manifest @inquirer/type@^4.0.4
175 silly packumentCache full:https://registry.npmjs.org/@inquirer%2ftype cache-miss
176 http fetch GET 200 https://registry.npmjs.org/@inquirer%2ffigures 58ms (cache miss)
177 silly packumentCache full:https://registry.npmjs.org/@inquirer%2ffigures set size:undefined disposed:false
178 silly fetch manifest @inquirer/core@^11.1.7
179 silly packumentCache full:https://registry.npmjs.org/@inquirer%2fcore cache-miss
180 http fetch GET 200 https://registry.npmjs.org/@inquirer%2fexternal-editor 59ms (cache miss)
181 silly packumentCache full:https://registry.npmjs.org/@inquirer%2fexternal-editor set size:undefined disposed:false
182 silly fetch manifest @inquirer/type@^4.0.4
183 silly packumentCache full:https://registry.npmjs.org/@inquirer%2ftype cache-miss
184 http fetch GET 200 https://registry.npmjs.org/@inquirer%2fansi 65ms (cache miss)
185 silly packumentCache full:https://registry.npmjs.org/@inquirer%2fansi set size:undefined disposed:false
186 silly fetch manifest @inquirer/core@^11.1.7
187 silly packumentCache full:https://registry.npmjs.org/@inquirer%2fcore cache-miss
188 http fetch GET 200 https://registry.npmjs.org/@inquirer%2fcore 66ms (cache miss)
189 silly packumentCache full:https://registry.npmjs.org/@inquirer%2fcore set size:undefined disposed:false
190 silly fetch manifest @inquirer/type@^4.0.4
191 silly packumentCache full:https://registry.npmjs.org/@inquirer%2ftype cache-miss
192 http fetch GET 200 https://registry.npmjs.org/@inquirer%2fcore 73ms (cache miss)
193 silly packumentCache full:https://registry.npmjs.org/@inquirer%2fcore set size:undefined disposed:false
194 silly fetch manifest @inquirer/type@^4.0.4
195 silly packumentCache full:https://registry.npmjs.org/@inquirer%2ftype cache-miss
196 http fetch GET 200 https://registry.npmjs.org/@inquirer%2fcore 75ms (cache miss)
197 silly packumentCache full:https://registry.npmjs.org/@inquirer%2fcore set size:undefined disposed:false
198 silly fetch manifest @inquirer/type@^4.0.4
199 silly packumentCache full:https://registry.npmjs.org/@inquirer%2ftype cache-miss
200 http cache https://registry.npmjs.org/@inquirer%2fcore 11ms (cache hit)
201 silly packumentCache full:https://registry.npmjs.org/@inquirer%2fcore set size:340015 disposed:false
202 silly fetch manifest @inquirer/type@^4.0.4
203 silly packumentCache full:https://registry.npmjs.org/@inquirer%2ftype cache-miss
204 http fetch GET 200 https://registry.npmjs.org/@inquirer%2ftype 81ms (cache miss)
205 silly packumentCache full:https://registry.npmjs.org/@inquirer%2ftype set size:undefined disposed:false
206 http fetch GET 200 https://registry.npmjs.org/@inquirer%2ftype 82ms (cache miss)
207 silly packumentCache full:https://registry.npmjs.org/@inquirer%2ftype set size:undefined disposed:false
208 http fetch GET 200 https://registry.npmjs.org/@inquirer%2ftype 82ms (cache miss)
209 silly packumentCache full:https://registry.npmjs.org/@inquirer%2ftype set size:undefined disposed:false
210 http fetch GET 200 https://registry.npmjs.org/@inquirer%2ftype 57ms (cache miss)
211 silly packumentCache full:https://registry.npmjs.org/@inquirer%2ftype set size:undefined disposed:false
212 http fetch GET 200 https://registry.npmjs.org/@inquirer%2ftype 69ms (cache miss)
213 silly packumentCache full:https://registry.npmjs.org/@inquirer%2ftype set size:undefined disposed:false
214 http fetch GET 200 https://registry.npmjs.org/@inquirer%2fcore 76ms (cache miss)
215 silly packumentCache full:https://registry.npmjs.org/@inquirer%2fcore set size:undefined disposed:false
216 silly packumentCache full:https://registry.npmjs.org/@inquirer%2fcore dispose
217 http fetch GET 200 https://registry.npmjs.org/@inquirer%2ftype 59ms (cache miss)
218 silly packumentCache full:https://registry.npmjs.org/@inquirer%2ftype set size:undefined disposed:false
219 http fetch GET 200 https://registry.npmjs.org/@inquirer%2ftype 86ms (cache miss)
220 silly packumentCache full:https://registry.npmjs.org/@inquirer%2ftype set size:undefined disposed:false
221 http fetch GET 200 https://registry.npmjs.org/@inquirer%2ftype 95ms (cache miss)
222 silly packumentCache full:https://registry.npmjs.org/@inquirer%2ftype set size:undefined disposed:false
223 silly placeDep ROOT @inquirer/ansi@2.0.4 OK for: @inquirer/checkbox@5.1.2 want: ^2.0.4
224 silly placeDep ROOT @inquirer/core@11.1.7 OK for: @inquirer/checkbox@5.1.2 want: ^11.1.7
225 silly placeDep ROOT @inquirer/figures@2.0.4 OK for: @inquirer/checkbox@5.1.2 want: ^2.0.4
226 silly placeDep ROOT @inquirer/type@4.0.4 OK for: @inquirer/checkbox@5.1.2 want: ^4.0.4
227 silly fetch manifest cli-width@^4.1.0
228 silly packumentCache full:https://registry.npmjs.org/cli-width cache-miss
229 silly fetch manifest fast-wrap-ansi@^0.2.0
230 silly packumentCache full:https://registry.npmjs.org/fast-wrap-ansi cache-miss
231 silly fetch manifest mute-stream@^3.0.0
232 silly packumentCache full:https://registry.npmjs.org/mute-stream cache-miss
233 silly fetch manifest signal-exit@^4.1.0
234 silly packumentCache full:https://registry.npmjs.org/signal-exit cache-miss
235 http fetch GET 200 https://registry.npmjs.org/signal-exit 33ms (cache miss)
236 silly packumentCache full:https://registry.npmjs.org/signal-exit set size:undefined disposed:false
237 http fetch GET 200 https://registry.npmjs.org/mute-stream 39ms (cache miss)
238 silly packumentCache full:https://registry.npmjs.org/mute-stream set size:undefined disposed:false
239 http fetch GET 200 https://registry.npmjs.org/cli-width 39ms (cache miss)
240 silly packumentCache full:https://registry.npmjs.org/cli-width set size:undefined disposed:false
241 http fetch GET 200 https://registry.npmjs.org/fast-wrap-ansi 41ms (cache miss)
242 silly packumentCache full:https://registry.npmjs.org/fast-wrap-ansi set size:undefined disposed:false
243 silly placeDep ROOT cli-width@4.1.0 OK for: @inquirer/core@11.1.7 want: ^4.1.0
244 silly placeDep ROOT fast-wrap-ansi@0.2.0 OK for: @inquirer/core@11.1.7 want: ^0.2.0
245 silly placeDep ROOT mute-stream@3.0.0 OK for: @inquirer/core@11.1.7 want: ^3.0.0
246 silly placeDep ROOT signal-exit@4.1.0 OK for: @inquirer/core@11.1.7 want: ^4.1.0
247 silly fetch manifest fast-string-width@^3.0.2
248 silly packumentCache full:https://registry.npmjs.org/fast-string-width cache-miss
249 http fetch GET 200 https://registry.npmjs.org/fast-string-width 34ms (cache miss)
250 silly packumentCache full:https://registry.npmjs.org/fast-string-width set size:undefined disposed:false
251 silly placeDep ROOT @inquirer/external-editor@2.0.4 OK for: @inquirer/editor@5.0.10 want: ^2.0.4
252 silly fetch manifest chardet@^2.1.1
253 silly packumentCache full:https://registry.npmjs.org/chardet cache-miss
254 silly fetch manifest iconv-lite@^0.7.2
255 silly packumentCache full:https://registry.npmjs.org/iconv-lite cache-miss
256 http fetch GET 200 https://registry.npmjs.org/iconv-lite 38ms (cache miss)
257 silly packumentCache full:https://registry.npmjs.org/iconv-lite set size:undefined disposed:false
258 http fetch GET 200 https://registry.npmjs.org/chardet 41ms (cache miss)
259 silly packumentCache full:https://registry.npmjs.org/chardet set size:undefined disposed:false
260 silly placeDep ROOT chardet@2.1.1 OK for: @inquirer/external-editor@2.0.4 want: ^2.1.1
261 silly placeDep ROOT iconv-lite@0.7.2 OK for: @inquirer/external-editor@2.0.4 want: ^0.7.2
262 silly fetch manifest safer-buffer@>= 2.1.2 < 3.0.0
263 silly packumentCache full:https://registry.npmjs.org/safer-buffer cache-miss
264 http fetch GET 200 https://registry.npmjs.org/safer-buffer 45ms (cache miss)
265 silly packumentCache full:https://registry.npmjs.org/safer-buffer set size:undefined disposed:false
266 silly placeDep ROOT fast-string-width@3.0.2 OK for: fast-wrap-ansi@0.2.0 want: ^3.0.2
267 silly fetch manifest fast-string-truncated-width@^3.0.2
268 silly packumentCache full:https://registry.npmjs.org/fast-string-truncated-width cache-miss
269 http fetch GET 200 https://registry.npmjs.org/fast-string-truncated-width 44ms (cache miss)
270 silly packumentCache full:https://registry.npmjs.org/fast-string-truncated-width set size:undefined disposed:false
271 silly placeDep ROOT fast-string-truncated-width@3.0.3 OK for: fast-string-width@3.0.2 want: ^3.0.2
272 silly placeDep node_modules/figlet commander@14.0.3 OK for: figlet@1.11.0 want: ^14.0.0
273 silly placeDep ROOT safer-buffer@2.1.2 OK for: iconv-lite@0.7.2 want: >= 2.1.2 < 3.0.0
274 silly placeDep ROOT default-browser@5.5.0 OK for: open@10.2.0 want: ^5.2.1
275 silly placeDep ROOT define-lazy-prop@3.0.0 OK for: open@10.2.0 want: ^3.0.0
276 silly placeDep ROOT is-inside-container@1.0.0 OK for: open@10.2.0 want: ^1.0.0
277 silly placeDep ROOT wsl-utils@0.1.0 OK for: open@10.2.0 want: ^0.1.0
278 silly fetch manifest bundle-name@^4.1.0
279 silly packumentCache full:https://registry.npmjs.org/bundle-name cache-miss
280 silly fetch manifest default-browser-id@^5.0.0
281 silly packumentCache full:https://registry.npmjs.org/default-browser-id cache-miss
282 silly fetch manifest is-docker@^3.0.0
283 silly packumentCache full:https://registry.npmjs.org/is-docker cache-miss
284 silly fetch manifest is-wsl@^3.1.0
285 silly packumentCache full:https://registry.npmjs.org/is-wsl cache-miss
286 http fetch GET 200 https://registry.npmjs.org/bundle-name 28ms (cache miss)
287 silly packumentCache full:https://registry.npmjs.org/bundle-name set size:undefined disposed:false
288 http fetch GET 200 https://registry.npmjs.org/is-docker 38ms (cache miss)
289 silly packumentCache full:https://registry.npmjs.org/is-docker set size:undefined disposed:false
290 http fetch GET 200 https://registry.npmjs.org/default-browser-id 41ms (cache miss)
291 silly packumentCache full:https://registry.npmjs.org/default-browser-id set size:undefined disposed:false
292 http fetch GET 200 https://registry.npmjs.org/is-wsl 51ms (cache miss)
293 silly packumentCache full:https://registry.npmjs.org/is-wsl set size:undefined disposed:false
294 silly placeDep ROOT bundle-name@4.1.0 OK for: default-browser@5.5.0 want: ^4.1.0
295 silly placeDep ROOT default-browser-id@5.0.1 OK for: default-browser@5.5.0 want: ^5.0.0
296 silly fetch manifest run-applescript@^7.0.0
297 silly packumentCache full:https://registry.npmjs.org/run-applescript cache-miss
298 http fetch GET 200 https://registry.npmjs.org/run-applescript 38ms (cache miss)
299 silly packumentCache full:https://registry.npmjs.org/run-applescript set size:undefined disposed:false
300 silly placeDep ROOT run-applescript@7.1.0 OK for: bundle-name@4.1.0 want: ^7.0.0
301 silly placeDep ROOT is-docker@3.0.0 OK for: is-inside-container@1.0.0 want: ^3.0.0
302 silly placeDep ROOT chalk@5.6.2 OK for: ora@9.3.0 want: ^5.6.2
303 silly placeDep ROOT cli-cursor@5.0.0 OK for: ora@9.3.0 want: ^5.0.0
304 silly placeDep ROOT cli-spinners@3.4.0 OK for: ora@9.3.0 want: ^3.2.0
305 silly placeDep ROOT is-interactive@2.0.0 OK for: ora@9.3.0 want: ^2.0.0
306 silly placeDep ROOT is-unicode-supported@2.1.0 OK for: ora@9.3.0 want: ^2.1.0
307 silly placeDep ROOT log-symbols@7.0.1 OK for: ora@9.3.0 want: ^7.0.1
308 silly placeDep ROOT stdin-discarder@0.3.1 OK for: ora@9.3.0 want: ^0.3.1
309 silly placeDep ROOT string-width@8.2.0 OK for: ora@9.3.0 want: ^8.1.0
310 silly fetch manifest restore-cursor@^5.0.0
311 silly packumentCache full:https://registry.npmjs.org/restore-cursor cache-miss
312 silly fetch manifest yoctocolors@^2.1.1
313 silly packumentCache full:https://registry.npmjs.org/yoctocolors cache-miss
314 silly fetch manifest get-east-asian-width@^1.5.0
315 silly packumentCache full:https://registry.npmjs.org/get-east-asian-width cache-miss
316 silly fetch manifest strip-ansi@^7.1.2
317 silly packumentCache full:https://registry.npmjs.org/strip-ansi cache-miss
318 http fetch GET 200 https://registry.npmjs.org/restore-cursor 35ms (cache miss)
319 silly packumentCache full:https://registry.npmjs.org/restore-cursor set size:undefined disposed:false
320 http fetch GET 200 https://registry.npmjs.org/strip-ansi 36ms (cache miss)
321 silly packumentCache full:https://registry.npmjs.org/strip-ansi set size:undefined disposed:false
322 http fetch GET 200 https://registry.npmjs.org/yoctocolors 37ms (cache miss)
323 silly packumentCache full:https://registry.npmjs.org/yoctocolors set size:undefined disposed:false
324 http fetch GET 200 https://registry.npmjs.org/get-east-asian-width 42ms (cache miss)
325 silly packumentCache full:https://registry.npmjs.org/get-east-asian-width set size:undefined disposed:false
326 silly placeDep ROOT restore-cursor@5.1.0 OK for: cli-cursor@5.0.0 want: ^5.0.0
327 silly fetch manifest onetime@^7.0.0
328 silly packumentCache full:https://registry.npmjs.org/onetime cache-miss
329 http fetch GET 200 https://registry.npmjs.org/onetime 32ms (cache miss)
330 silly packumentCache full:https://registry.npmjs.org/onetime set size:undefined disposed:false
331 silly placeDep ROOT yoctocolors@2.1.2 OK for: log-symbols@7.0.1 want: ^2.1.1
332 silly placeDep ROOT onetime@7.0.0 OK for: restore-cursor@5.1.0 want: ^7.0.0
333 silly fetch manifest mimic-function@^5.0.0
334 silly packumentCache full:https://registry.npmjs.org/mimic-function cache-miss
335 http fetch GET 200 https://registry.npmjs.org/mimic-function 42ms (cache miss)
336 silly packumentCache full:https://registry.npmjs.org/mimic-function set size:undefined disposed:false
337 silly placeDep ROOT mimic-function@5.0.1 OK for: onetime@7.0.0 want: ^5.0.0
338 silly placeDep ROOT get-east-asian-width@1.5.0 OK for: string-width@8.2.0 want: ^1.5.0
339 silly placeDep ROOT strip-ansi@7.2.0 OK for: string-width@8.2.0 want: ^7.1.2
340 silly fetch manifest ansi-regex@^6.2.2
341 silly packumentCache full:https://registry.npmjs.org/ansi-regex cache-miss
342 http fetch GET 200 https://registry.npmjs.org/ansi-regex 47ms (cache miss)
343 silly packumentCache full:https://registry.npmjs.org/ansi-regex set size:undefined disposed:false
344 silly placeDep ROOT ansi-regex@6.2.2 OK for: strip-ansi@7.2.0 want: ^6.2.2
345 silly placeDep ROOT is-wsl@3.1.1 OK for: wsl-utils@0.1.0 want: ^3.1.0
346 silly reify moves {}
347 silly audit bulk request {
347 silly audit   ctx7: [ '0.3.6' ],
347 silly audit   '@inquirer/prompts': [ '8.3.2' ],
347 silly audit   commander: [ '13.1.0', '14.0.3' ],
347 silly audit   figlet: [ '1.11.0' ],
347 silly audit   open: [ '10.2.0' ],
347 silly audit   ora: [ '9.3.0' ],
347 silly audit   picocolors: [ '1.1.1' ],
347 silly audit   '@inquirer/checkbox': [ '5.1.2' ],
347 silly audit   '@inquirer/confirm': [ '6.0.10' ],
347 silly audit   '@inquirer/editor': [ '5.0.10' ],
347 silly audit   '@inquirer/expand': [ '5.0.10' ],
347 silly audit   '@inquirer/input': [ '5.0.10' ],
347 silly audit   '@inquirer/number': [ '4.0.10' ],
347 silly audit   '@inquirer/password': [ '5.0.10' ],
347 silly audit   '@inquirer/rawlist': [ '5.2.6' ],
347 silly audit   '@inquirer/search': [ '4.1.6' ],
347 silly audit   '@inquirer/select': [ '5.1.2' ],
347 silly audit   '@inquirer/ansi': [ '2.0.4' ],
347 silly audit   '@inquirer/core': [ '11.1.7' ],
347 silly audit   '@inquirer/figures': [ '2.0.4' ],
347 silly audit   '@inquirer/type': [ '4.0.4' ],
347 silly audit   'cli-width': [ '4.1.0' ],
347 silly audit   'fast-wrap-ansi': [ '0.2.0' ],
347 silly audit   'mute-stream': [ '3.0.0' ],
347 silly audit   'signal-exit': [ '4.1.0' ],
347 silly audit   '@inquirer/external-editor': [ '2.0.4' ],
347 silly audit   chardet: [ '2.1.1' ],
347 silly audit   'iconv-lite': [ '0.7.2' ],
347 silly audit   'fast-string-width': [ '3.0.2' ],
347 silly audit   'fast-string-truncated-width': [ '3.0.3' ],
347 silly audit   'safer-buffer': [ '2.1.2' ],
347 silly audit   'default-browser': [ '5.5.0' ],
347 silly audit   'define-lazy-prop': [ '3.0.0' ],
347 silly audit   'is-inside-container': [ '1.0.0' ],
347 silly audit   'wsl-utils': [ '0.1.0' ],
347 silly audit   'bundle-name': [ '4.1.0' ],
347 silly audit   'default-browser-id': [ '5.0.1' ],
347 silly audit   'run-applescript': [ '7.1.0' ],
347 silly audit   'is-docker': [ '3.0.0' ],
347 silly audit   chalk: [ '5.6.2' ],
347 silly audit   'cli-cursor': [ '5.0.0' ],
347 silly audit   'cli-spinners': [ '3.4.0' ],
347 silly audit   'is-interactive': [ '2.0.0' ],
347 silly audit   'is-unicode-supported': [ '2.1.0' ],
347 silly audit   'log-symbols': [ '7.0.1' ],
347 silly audit   'stdin-discarder': [ '0.3.1' ],
347 silly audit   'string-width': [ '8.2.0' ],
347 silly audit   'restore-cursor': [ '5.1.0' ],
347 silly audit   yoctocolors: [ '2.1.2' ],
347 silly audit   onetime: [ '7.0.0' ],
347 silly audit   'mimic-function': [ '5.0.1' ],
347 silly audit   'get-east-asian-width': [ '1.5.0' ],
347 silly audit   'strip-ansi': [ '7.2.0' ],
347 silly audit   'ansi-regex': [ '6.2.2' ],
347 silly audit   'is-wsl': [ '3.1.1' ]
347 silly audit }
348 http cache ansi-regex@https://registry.npmjs.org/ansi-regex/-/ansi-regex-6.2.2.tgz 0ms (cache hit)
349 http cache is-wsl@https://registry.npmjs.org/is-wsl/-/is-wsl-3.1.1.tgz 0ms (cache hit)
350 http cache get-east-asian-width@https://registry.npmjs.org/get-east-asian-width/-/get-east-asian-width-1.5.0.tgz 0ms (cache hit)
351 http cache onetime@https://registry.npmjs.org/onetime/-/onetime-7.0.0.tgz 0ms (cache hit)
352 http cache mimic-function@https://registry.npmjs.org/mimic-function/-/mimic-function-5.0.1.tgz 0ms (cache hit)
353 http cache strip-ansi@https://registry.npmjs.org/strip-ansi/-/strip-ansi-7.2.0.tgz 0ms (cache hit)
354 http cache yoctocolors@https://registry.npmjs.org/yoctocolors/-/yoctocolors-2.1.2.tgz 0ms (cache hit)
355 http cache restore-cursor@https://registry.npmjs.org/restore-cursor/-/restore-cursor-5.1.0.tgz 0ms (cache hit)
356 http cache string-width@https://registry.npmjs.org/string-width/-/string-width-8.2.0.tgz 0ms (cache hit)
357 http cache is-unicode-supported@https://registry.npmjs.org/is-unicode-supported/-/is-unicode-supported-2.1.0.tgz 0ms (cache hit)
358 http cache log-symbols@https://registry.npmjs.org/log-symbols/-/log-symbols-7.0.1.tgz 0ms (cache hit)
359 http cache cli-cursor@https://registry.npmjs.org/cli-cursor/-/cli-cursor-5.0.0.tgz 0ms (cache hit)
360 http cache stdin-discarder@https://registry.npmjs.org/stdin-discarder/-/stdin-discarder-0.3.1.tgz 0ms (cache hit)
361 http cache is-interactive@https://registry.npmjs.org/is-interactive/-/is-interactive-2.0.0.tgz 0ms (cache hit)
362 http cache chalk@https://registry.npmjs.org/chalk/-/chalk-5.6.2.tgz 0ms (cache hit)
363 http cache run-applescript@https://registry.npmjs.org/run-applescript/-/run-applescript-7.1.0.tgz 0ms (cache hit)
364 http cache cli-spinners@https://registry.npmjs.org/cli-spinners/-/cli-spinners-3.4.0.tgz 0ms (cache hit)
365 http cache is-docker@https://registry.npmjs.org/is-docker/-/is-docker-3.0.0.tgz 0ms (cache hit)
366 http cache default-browser-id@https://registry.npmjs.org/default-browser-id/-/default-browser-id-5.0.1.tgz 0ms (cache hit)
367 http cache bundle-name@https://registry.npmjs.org/bundle-name/-/bundle-name-4.1.0.tgz 0ms (cache hit)
368 http cache is-inside-container@https://registry.npmjs.org/is-inside-container/-/is-inside-container-1.0.0.tgz 0ms (cache hit)
369 http cache safer-buffer@https://registry.npmjs.org/safer-buffer/-/safer-buffer-2.1.2.tgz 0ms (cache hit)
370 http cache fast-string-width@https://registry.npmjs.org/fast-string-width/-/fast-string-width-3.0.2.tgz 0ms (cache hit)
371 http cache wsl-utils@https://registry.npmjs.org/wsl-utils/-/wsl-utils-0.1.0.tgz 0ms (cache hit)
372 http cache fast-string-truncated-width@https://registry.npmjs.org/fast-string-truncated-width/-/fast-string-truncated-width-3.0.3.tgz 0ms (cache hit)
373 http cache iconv-lite@https://registry.npmjs.org/iconv-lite/-/iconv-lite-0.7.2.tgz 0ms (cache hit)
374 http cache default-browser@https://registry.npmjs.org/default-browser/-/default-browser-5.5.0.tgz 0ms (cache hit)
375 http cache chardet@https://registry.npmjs.org/chardet/-/chardet-2.1.1.tgz 0ms (cache hit)
376 http cache signal-exit@https://registry.npmjs.org/signal-exit/-/signal-exit-4.1.0.tgz 0ms (cache hit)
377 http cache @inquirer/external-editor@https://registry.npmjs.org/@inquirer/external-editor/-/external-editor-2.0.4.tgz 0ms (cache hit)
378 http cache define-lazy-prop@https://registry.npmjs.org/define-lazy-prop/-/define-lazy-prop-3.0.0.tgz 0ms (cache hit)
379 http cache mute-stream@https://registry.npmjs.org/mute-stream/-/mute-stream-3.0.0.tgz 0ms (cache hit)
380 http cache @inquirer/type@https://registry.npmjs.org/@inquirer/type/-/type-4.0.4.tgz 0ms (cache hit)
381 http cache cli-width@https://registry.npmjs.org/cli-width/-/cli-width-4.1.0.tgz 0ms (cache hit)
382 http cache fast-wrap-ansi@https://registry.npmjs.org/fast-wrap-ansi/-/fast-wrap-ansi-0.2.0.tgz 0ms (cache hit)
383 http cache @inquirer/core@https://registry.npmjs.org/@inquirer/core/-/core-11.1.7.tgz 0ms (cache hit)
384 http cache @inquirer/ansi@https://registry.npmjs.org/@inquirer/ansi/-/ansi-2.0.4.tgz 0ms (cache hit)
385 http cache @inquirer/select@https://registry.npmjs.org/@inquirer/select/-/select-5.1.2.tgz 0ms (cache hit)
386 http cache @inquirer/rawlist@https://registry.npmjs.org/@inquirer/rawlist/-/rawlist-5.2.6.tgz 0ms (cache hit)
387 http cache @inquirer/figures@https://registry.npmjs.org/@inquirer/figures/-/figures-2.0.4.tgz 0ms (cache hit)
388 http cache @inquirer/search@https://registry.npmjs.org/@inquirer/search/-/search-4.1.6.tgz 0ms (cache hit)
389 http cache @inquirer/input@https://registry.npmjs.org/@inquirer/input/-/input-5.0.10.tgz 0ms (cache hit)
390 http cache @inquirer/password@https://registry.npmjs.org/@inquirer/password/-/password-5.0.10.tgz 0ms (cache hit)
391 http cache @inquirer/number@https://registry.npmjs.org/@inquirer/number/-/number-4.0.10.tgz 0ms (cache hit)
392 http cache @inquirer/expand@https://registry.npmjs.org/@inquirer/expand/-/expand-5.0.10.tgz 0ms (cache hit)
393 http cache picocolors@https://registry.npmjs.org/picocolors/-/picocolors-1.1.1.tgz 0ms (cache hit)
394 http cache @inquirer/editor@https://registry.npmjs.org/@inquirer/editor/-/editor-5.0.10.tgz 0ms (cache hit)
395 http cache @inquirer/confirm@https://registry.npmjs.org/@inquirer/confirm/-/confirm-6.0.10.tgz 0ms (cache hit)
396 http cache @inquirer/checkbox@https://registry.npmjs.org/@inquirer/checkbox/-/checkbox-5.1.2.tgz 0ms (cache hit)
397 http cache open@https://registry.npmjs.org/open/-/open-10.2.0.tgz 0ms (cache hit)
398 http cache commander@https://registry.npmjs.org/commander/-/commander-13.1.0.tgz 0ms (cache hit)
399 http cache figlet@https://registry.npmjs.org/figlet/-/figlet-1.11.0.tgz 0ms (cache hit)
400 http cache ora@https://registry.npmjs.org/ora/-/ora-9.3.0.tgz 0ms (cache hit)
401 silly tarball no local data for ansi-regex@https://registry.npmjs.org/ansi-regex/-/ansi-regex-6.2.2.tgz. Extracting by manifest.
402 silly tarball no local data for is-wsl@https://registry.npmjs.org/is-wsl/-/is-wsl-3.1.1.tgz. Extracting by manifest.
403 silly tarball no local data for get-east-asian-width@https://registry.npmjs.org/get-east-asian-width/-/get-east-asian-width-1.5.0.tgz. Extracting by manifest.
404 silly tarball no local data for onetime@https://registry.npmjs.org/onetime/-/onetime-7.0.0.tgz. Extracting by manifest.
405 silly tarball no local data for mimic-function@https://registry.npmjs.org/mimic-function/-/mimic-function-5.0.1.tgz. Extracting by manifest.
406 silly tarball no local data for strip-ansi@https://registry.npmjs.org/strip-ansi/-/strip-ansi-7.2.0.tgz. Extracting by manifest.
407 silly tarball no local data for yoctocolors@https://registry.npmjs.org/yoctocolors/-/yoctocolors-2.1.2.tgz. Extracting by manifest.
408 silly tarball no local data for restore-cursor@https://registry.npmjs.org/restore-cursor/-/restore-cursor-5.1.0.tgz. Extracting by manifest.
409 silly tarball no local data for string-width@https://registry.npmjs.org/string-width/-/string-width-8.2.0.tgz. Extracting by manifest.
410 silly tarball no local data for is-unicode-supported@https://registry.npmjs.org/is-unicode-supported/-/is-unicode-supported-2.1.0.tgz. Extracting by manifest.
411 http cache ctx7@https://registry.npmjs.org/ctx7/-/ctx7-0.3.6.tgz 0ms (cache hit)
412 http cache @inquirer/prompts@https://registry.npmjs.org/@inquirer/prompts/-/prompts-8.3.2.tgz 0ms (cache hit)
413 silly tarball no local data for log-symbols@https://registry.npmjs.org/log-symbols/-/log-symbols-7.0.1.tgz. Extracting by manifest.
414 silly tarball no local data for cli-cursor@https://registry.npmjs.org/cli-cursor/-/cli-cursor-5.0.0.tgz. Extracting by manifest.
415 silly tarball no local data for stdin-discarder@https://registry.npmjs.org/stdin-discarder/-/stdin-discarder-0.3.1.tgz. Extracting by manifest.
416 silly tarball no local data for is-interactive@https://registry.npmjs.org/is-interactive/-/is-interactive-2.0.0.tgz. Extracting by manifest.
417 silly tarball no local data for chalk@https://registry.npmjs.org/chalk/-/chalk-5.6.2.tgz. Extracting by manifest.
418 silly tarball no local data for run-applescript@https://registry.npmjs.org/run-applescript/-/run-applescript-7.1.0.tgz. Extracting by manifest.
419 silly tarball no local data for cli-spinners@https://registry.npmjs.org/cli-spinners/-/cli-spinners-3.4.0.tgz. Extracting by manifest.
420 silly tarball no local data for is-docker@https://registry.npmjs.org/is-docker/-/is-docker-3.0.0.tgz. Extracting by manifest.
421 silly tarball no local data for default-browser-id@https://registry.npmjs.org/default-browser-id/-/default-browser-id-5.0.1.tgz. Extracting by manifest.
422 http cache commander@https://registry.npmjs.org/commander/-/commander-14.0.3.tgz 0ms (cache hit)
423 silly tarball no local data for bundle-name@https://registry.npmjs.org/bundle-name/-/bundle-name-4.1.0.tgz. Extracting by manifest.
424 silly tarball no local data for is-inside-container@https://registry.npmjs.org/is-inside-container/-/is-inside-container-1.0.0.tgz. Extracting by manifest.
425 silly tarball no local data for safer-buffer@https://registry.npmjs.org/safer-buffer/-/safer-buffer-2.1.2.tgz. Extracting by manifest.
426 silly tarball no local data for fast-string-width@https://registry.npmjs.org/fast-string-width/-/fast-string-width-3.0.2.tgz. Extracting by manifest.
427 silly tarball no local data for wsl-utils@https://registry.npmjs.org/wsl-utils/-/wsl-utils-0.1.0.tgz. Extracting by manifest.
428 silly tarball no local data for fast-string-truncated-width@https://registry.npmjs.org/fast-string-truncated-width/-/fast-string-truncated-width-3.0.3.tgz. Extracting by manifest.
429 silly tarball no local data for iconv-lite@https://registry.npmjs.org/iconv-lite/-/iconv-lite-0.7.2.tgz. Extracting by manifest.
430 silly tarball no local data for default-browser@https://registry.npmjs.org/default-browser/-/default-browser-5.5.0.tgz. Extracting by manifest.
431 silly tarball no local data for chardet@https://registry.npmjs.org/chardet/-/chardet-2.1.1.tgz. Extracting by manifest.
432 silly tarball no local data for signal-exit@https://registry.npmjs.org/signal-exit/-/signal-exit-4.1.0.tgz. Extracting by manifest.
433 silly tarball no local data for @inquirer/external-editor@https://registry.npmjs.org/@inquirer/external-editor/-/external-editor-2.0.4.tgz. Extracting by manifest.
434 silly tarball no local data for define-lazy-prop@https://registry.npmjs.org/define-lazy-prop/-/define-lazy-prop-3.0.0.tgz. Extracting by manifest.
435 silly tarball no local data for mute-stream@https://registry.npmjs.org/mute-stream/-/mute-stream-3.0.0.tgz. Extracting by manifest.
436 silly tarball no local data for @inquirer/type@https://registry.npmjs.org/@inquirer/type/-/type-4.0.4.tgz. Extracting by manifest.
437 silly tarball no local data for cli-width@https://registry.npmjs.org/cli-width/-/cli-width-4.1.0.tgz. Extracting by manifest.
438 silly tarball no local data for fast-wrap-ansi@https://registry.npmjs.org/fast-wrap-ansi/-/fast-wrap-ansi-0.2.0.tgz. Extracting by manifest.
439 silly tarball no local data for @inquirer/core@https://registry.npmjs.org/@inquirer/core/-/core-11.1.7.tgz. Extracting by manifest.
440 silly tarball no local data for @inquirer/ansi@https://registry.npmjs.org/@inquirer/ansi/-/ansi-2.0.4.tgz. Extracting by manifest.
441 silly tarball no local data for @inquirer/select@https://registry.npmjs.org/@inquirer/select/-/select-5.1.2.tgz. Extracting by manifest.
442 silly tarball no local data for @inquirer/rawlist@https://registry.npmjs.org/@inquirer/rawlist/-/rawlist-5.2.6.tgz. Extracting by manifest.
443 silly tarball no local data for @inquirer/figures@https://registry.npmjs.org/@inquirer/figures/-/figures-2.0.4.tgz. Extracting by manifest.
444 silly tarball no local data for @inquirer/search@https://registry.npmjs.org/@inquirer/search/-/search-4.1.6.tgz. Extracting by manifest.
445 silly tarball no local data for @inquirer/input@https://registry.npmjs.org/@inquirer/input/-/input-5.0.10.tgz. Extracting by manifest.
446 silly tarball no local data for @inquirer/password@https://registry.npmjs.org/@inquirer/password/-/password-5.0.10.tgz. Extracting by manifest.
447 silly tarball no local data for @inquirer/number@https://registry.npmjs.org/@inquirer/number/-/number-4.0.10.tgz. Extracting by manifest.
448 silly tarball no local data for @inquirer/expand@https://registry.npmjs.org/@inquirer/expand/-/expand-5.0.10.tgz. Extracting by manifest.
449 silly tarball no local data for picocolors@https://registry.npmjs.org/picocolors/-/picocolors-1.1.1.tgz. Extracting by manifest.
450 silly tarball no local data for @inquirer/editor@https://registry.npmjs.org/@inquirer/editor/-/editor-5.0.10.tgz. Extracting by manifest.
451 silly tarball no local data for @inquirer/confirm@https://registry.npmjs.org/@inquirer/confirm/-/confirm-6.0.10.tgz. Extracting by manifest.
452 silly tarball no local data for @inquirer/checkbox@https://registry.npmjs.org/@inquirer/checkbox/-/checkbox-5.1.2.tgz. Extracting by manifest.
453 silly tarball no local data for open@https://registry.npmjs.org/open/-/open-10.2.0.tgz. Extracting by manifest.
454 silly tarball no local data for commander@https://registry.npmjs.org/commander/-/commander-13.1.0.tgz. Extracting by manifest.
455 silly tarball no local data for figlet@https://registry.npmjs.org/figlet/-/figlet-1.11.0.tgz. Extracting by manifest.
456 silly tarball no local data for ora@https://registry.npmjs.org/ora/-/ora-9.3.0.tgz. Extracting by manifest.
457 silly tarball no local data for ctx7@https://registry.npmjs.org/ctx7/-/ctx7-0.3.6.tgz. Extracting by manifest.
458 silly tarball no local data for @inquirer/prompts@https://registry.npmjs.org/@inquirer/prompts/-/prompts-8.3.2.tgz. Extracting by manifest.
459 silly tarball no local data for commander@https://registry.npmjs.org/commander/-/commander-14.0.3.tgz. Extracting by manifest.
460 http fetch GET 200 https://registry.npmjs.org/strip-ansi/-/strip-ansi-7.2.0.tgz 61ms (cache miss)
461 http fetch GET 200 https://registry.npmjs.org/onetime/-/onetime-7.0.0.tgz 61ms (cache miss)
462 http fetch GET 200 https://registry.npmjs.org/mimic-function/-/mimic-function-5.0.1.tgz 62ms (cache miss)
463 http fetch GET 200 https://registry.npmjs.org/ansi-regex/-/ansi-regex-6.2.2.tgz 64ms (cache miss)
464 http fetch GET 200 https://registry.npmjs.org/is-wsl/-/is-wsl-3.1.1.tgz 63ms (cache miss)
465 http fetch GET 200 https://registry.npmjs.org/get-east-asian-width/-/get-east-asian-width-1.5.0.tgz 63ms (cache miss)
466 http fetch GET 200 https://registry.npmjs.org/restore-cursor/-/restore-cursor-5.1.0.tgz 62ms (cache miss)
467 http fetch GET 200 https://registry.npmjs.org/chalk/-/chalk-5.6.2.tgz 63ms (cache miss)
468 http fetch GET 200 https://registry.npmjs.org/yoctocolors/-/yoctocolors-2.1.2.tgz 65ms (cache miss)
469 http fetch GET 200 https://registry.npmjs.org/run-applescript/-/run-applescript-7.1.0.tgz 72ms (cache miss)
470 http fetch GET 200 https://registry.npmjs.org/default-browser-id/-/default-browser-id-5.0.1.tgz 75ms (cache miss)
471 http fetch GET 200 https://registry.npmjs.org/is-inside-container/-/is-inside-container-1.0.0.tgz 77ms (cache miss)
472 http fetch GET 200 https://registry.npmjs.org/cli-spinners/-/cli-spinners-3.4.0.tgz 82ms (cache miss)
473 http fetch GET 200 https://registry.npmjs.org/bundle-name/-/bundle-name-4.1.0.tgz 87ms (cache miss)
474 http fetch GET 200 https://registry.npmjs.org/safer-buffer/-/safer-buffer-2.1.2.tgz 88ms (cache miss)
475 http fetch GET 200 https://registry.npmjs.org/is-docker/-/is-docker-3.0.0.tgz 88ms (cache miss)
476 http fetch GET 200 https://registry.npmjs.org/cli-cursor/-/cli-cursor-5.0.0.tgz 94ms (cache miss)
477 http fetch GET 200 https://registry.npmjs.org/log-symbols/-/log-symbols-7.0.1.tgz 99ms (cache miss)
478 http fetch GET 200 https://registry.npmjs.org/fast-string-width/-/fast-string-width-3.0.2.tgz 99ms (cache miss)
479 http fetch GET 200 https://registry.npmjs.org/string-width/-/string-width-8.2.0.tgz 101ms (cache miss)
480 http fetch GET 200 https://registry.npmjs.org/is-interactive/-/is-interactive-2.0.0.tgz 101ms (cache miss)
481 http fetch GET 200 https://registry.npmjs.org/wsl-utils/-/wsl-utils-0.1.0.tgz 103ms (cache miss)
482 http fetch GET 200 https://registry.npmjs.org/fast-string-truncated-width/-/fast-string-truncated-width-3.0.3.tgz 107ms (cache miss)
483 http fetch GET 200 https://registry.npmjs.org/stdin-discarder/-/stdin-discarder-0.3.1.tgz 114ms (cache miss)
484 http fetch GET 200 https://registry.npmjs.org/signal-exit/-/signal-exit-4.1.0.tgz 112ms (cache miss)
485 http fetch GET 200 https://registry.npmjs.org/is-unicode-supported/-/is-unicode-supported-2.1.0.tgz 119ms (cache miss)
486 http fetch GET 200 https://registry.npmjs.org/iconv-lite/-/iconv-lite-0.7.2.tgz 118ms (cache miss)
487 http fetch GET 200 https://registry.npmjs.org/default-browser/-/default-browser-5.5.0.tgz 127ms (cache miss)
488 http fetch GET 200 https://registry.npmjs.org/define-lazy-prop/-/define-lazy-prop-3.0.0.tgz 128ms (cache miss)
489 http fetch GET 200 https://registry.npmjs.org/cli-width/-/cli-width-4.1.0.tgz 129ms (cache miss)
490 http fetch GET 200 https://registry.npmjs.org/chardet/-/chardet-2.1.1.tgz 130ms (cache miss)
491 http fetch GET 200 https://registry.npmjs.org/mute-stream/-/mute-stream-3.0.0.tgz 141ms (cache miss)
492 http fetch GET 200 https://registry.npmjs.org/@inquirer/type/-/type-4.0.4.tgz 142ms (cache miss)
493 http fetch GET 200 https://registry.npmjs.org/@inquirer/external-editor/-/external-editor-2.0.4.tgz 142ms (cache miss)
494 http fetch GET 200 https://registry.npmjs.org/fast-wrap-ansi/-/fast-wrap-ansi-0.2.0.tgz 143ms (cache miss)
495 http fetch GET 200 https://registry.npmjs.org/@inquirer/rawlist/-/rawlist-5.2.6.tgz 148ms (cache miss)
496 http fetch GET 200 https://registry.npmjs.org/@inquirer/core/-/core-11.1.7.tgz 151ms (cache miss)
497 http fetch GET 200 https://registry.npmjs.org/@inquirer/ansi/-/ansi-2.0.4.tgz 152ms (cache miss)
498 http fetch GET 200 https://registry.npmjs.org/@inquirer/figures/-/figures-2.0.4.tgz 153ms (cache miss)
499 http fetch GET 200 https://registry.npmjs.org/picocolors/-/picocolors-1.1.1.tgz 160ms (cache miss)
500 http fetch POST 200 https://registry.npmjs.org/-/npm/v1/security/advisories/bulk 177ms
501 silly audit report {}
502 http fetch GET 200 https://registry.npmjs.org/@inquirer/select/-/select-5.1.2.tgz 168ms (cache miss)
503 http fetch GET 200 https://registry.npmjs.org/@inquirer/input/-/input-5.0.10.tgz 173ms (cache miss)
504 http fetch GET 200 https://registry.npmjs.org/@inquirer/expand/-/expand-5.0.10.tgz 173ms (cache miss)
505 http fetch GET 200 https://registry.npmjs.org/@inquirer/number/-/number-4.0.10.tgz 174ms (cache miss)
506 http fetch GET 200 https://registry.npmjs.org/@inquirer/search/-/search-4.1.6.tgz 174ms (cache miss)
507 http fetch GET 200 https://registry.npmjs.org/@inquirer/password/-/password-5.0.10.tgz 177ms (cache miss)
508 http fetch GET 200 https://registry.npmjs.org/commander/-/commander-13.1.0.tgz 179ms (cache miss)
509 http fetch GET 200 https://registry.npmjs.org/open/-/open-10.2.0.tgz 185ms (cache miss)
510 http fetch GET 200 https://registry.npmjs.org/ora/-/ora-9.3.0.tgz 186ms (cache miss)
511 http fetch GET 200 https://registry.npmjs.org/@inquirer/confirm/-/confirm-6.0.10.tgz 193ms (cache miss)
512 http fetch GET 200 https://registry.npmjs.org/commander/-/commander-14.0.3.tgz 202ms (cache miss)
513 http fetch GET 200 https://registry.npmjs.org/ctx7/-/ctx7-0.3.6.tgz 206ms (cache miss)
514 http fetch GET 200 https://registry.npmjs.org/@inquirer/prompts/-/prompts-8.3.2.tgz 220ms (cache miss)
515 http fetch GET 200 https://registry.npmjs.org/@inquirer/editor/-/editor-5.0.10.tgz 338ms (cache miss)
516 http fetch GET 200 https://registry.npmjs.org/@inquirer/checkbox/-/checkbox-5.1.2.tgz 358ms (cache miss)
517 http fetch GET 200 https://registry.npmjs.org/figlet/-/figlet-1.11.0.tgz 388ms (cache miss)
518 verbose cwd /Users/lucashale/Documents/Code/lucas-hale-product-manager-2026/magic-portfolio
519 verbose os Darwin 25.3.0
520 verbose node v22.13.0
521 verbose npm  v10.9.2
522 verbose exit 0
523 info ok
