0 verbose cli /Users/lucashale/.nvm/versions/node/v22.13.0/bin/node /Users/lucashale/.nvm/versions/node/v22.13.0/lib/node_modules/npm/bin/npm-cli.js
1 info using npm@10.9.2
2 info using node@v22.13.0
3 silly config load:file:/Users/lucashale/.nvm/versions/node/v22.13.0/lib/node_modules/npm/npmrc
4 silly config load:file:/Users/lucashale/Documents/Code/lucas-hale-product-manager-2026/magic-portfolio/.npmrc
5 silly config load:file:/Users/lucashale/.npmrc
6 silly config load:file:/Users/lucashale/.nvm/versions/node/v22.13.0/etc/npmrc
7 verbose title npm exec ctx7 docs /once-ui-system/core Provide an overview and key usage patterns for once-ui-system/core.
8 verbose argv "exec" "--yes" "--" "ctx7" "docs" "/once-ui-system/core" "Provide an overview and key usage patterns for once-ui-system/core."
9 verbose logfile logs-max:10 dir:/Users/lucashale/Documents/Code/lucas-hale-product-manager-2026/magic-portfolio/.npm-cache/_logs/2026-03-25T11_31_22_294Z-
10 verbose logfile /Users/lucashale/Documents/Code/lucas-hale-product-manager-2026/magic-portfolio/.npm-cache/_logs/2026-03-25T11_31_22_294Z-debug-0.log
11 silly logfile done cleaning log files
12 silly packumentCache heap:4345298944 maxSize:1086324736 maxEntrySize:543162368
13 http fetch GET 200 https://registry.npmjs.org/ctx7 110ms (cache revalidated)
14 silly packumentCache heap:4345298944 maxSize:1086324736 maxEntrySize:543162368
15 silly packumentCache heap:4345298944 maxSize:1086324736 maxEntrySize:543162368
16 verbose cwd /Users/lucashale/Documents/Code/lucas-hale-product-manager-2026/magic-portfolio
17 verbose os Darwin 25.3.0
18 verbose node v22.13.0
19 verbose npm  v10.9.2
20 verbose exit 1
21 verbose code 1
